<?xml version="1.0" encoding="UTF-8"?>
<!-- Generated by org.testng.reporters.JUnitReportReporter -->
<testsuite name="com.TC_002" tests="1" time="35.676" ignored="0"
	failures="0" timestamp="08 Apr 2018 23:13:37 GMT" skipped="0"
	hostname="LAPTOP-Q5VA812H" errors="0">
	<testcase name="m2" time="35.676" classname="com.TC_002" />
</testsuite> <!-- com.TC_002 -->
