<?xml version="1.0" encoding="UTF-8"?>
<!-- Generated by org.testng.reporters.JUnitReportReporter -->
<testsuite name="com.TC_001" tests="1" time="12.860" ignored="0" failures="0" timestamp="09 Apr 2018 00:11:01 GMT" skipped="0" hostname="LAPTOP-Q5VA812H" errors="0">
  <testcase name="m1" time="12.860" classname="com.TC_001"/>
</testsuite> <!-- com.TC_001 -->
